0 info it worked if it ends with ok
1 verbose cli [ 'C:\\Program Files\\nodejs\\node.exe',
1 verbose cli   'C:\\Program Files\\nodejs\\node_modules\\npm\\bin\\npm-cli.js',
1 verbose cli   'install',
1 verbose cli   '-g',
1 verbose cli   'n' ]
2 info using npm@3.7.3
3 info using node@v5.9.0
4 silly loadCurrentTree Starting
5 silly install loadCurrentTree
6 silly install readGlobalPackageData
7 silly fetchPackageMetaData n
8 silly fetchNamedPackageData n
9 silly mapToRegistry name n
10 silly mapToRegistry using default registry
11 silly mapToRegistry registry https://registry.npmjs.org/
12 silly mapToRegistry uri https://registry.npmjs.org/n
13 verbose request uri https://registry.npmjs.org/n
14 verbose request no auth needed
15 info attempt registry request try #1 at 14:45:28
16 verbose request id a06b3076d6cfbae8
17 verbose etag W/"58af8851-faae"
18 verbose lastModified Fri, 24 Feb 2017 01:11:45 GMT
19 http request GET https://registry.npmjs.org/n
20 http 304 https://registry.npmjs.org/n
21 verbose headers { date: 'Mon, 27 Feb 2017 06:45:28 GMT',
21 verbose headers   via: '1.1 varnish',
21 verbose headers   'cache-control': 'max-age=300',
21 verbose headers   etag: 'W/"58af8851-faae"',
21 verbose headers   age: '269',
21 verbose headers   connection: 'keep-alive',
21 verbose headers   'x-served-by': 'cache-nrt6134-NRT',
21 verbose headers   'x-cache': 'HIT',
21 verbose headers   'x-cache-hits': '2',
21 verbose headers   'x-timer': 'S1488177928.647886,VS0,VE0',
21 verbose headers   vary: 'Accept-Encoding' }
22 silly get cb [ 304,
22 silly get   { date: 'Mon, 27 Feb 2017 06:45:28 GMT',
22 silly get     via: '1.1 varnish',
22 silly get     'cache-control': 'max-age=300',
22 silly get     etag: 'W/"58af8851-faae"',
22 silly get     age: '269',
22 silly get     connection: 'keep-alive',
22 silly get     'x-served-by': 'cache-nrt6134-NRT',
22 silly get     'x-cache': 'HIT',
22 silly get     'x-cache-hits': '2',
22 silly get     'x-timer': 'S1488177928.647886,VS0,VE0',
22 silly get     vary: 'Accept-Encoding' } ]
23 verbose etag https://registry.npmjs.org/n from cache
24 verbose get saving n to C:\Users\wb-shlshaohongliang\AppData\Roaming\npm-cache\registry.npmjs.org\n\.cache.json
25 verbose correctMkdir C:\Users\wb-shlshaohongliang\AppData\Roaming\npm-cache correctMkdir not in flight; initializing
26 silly install normalizeTree
27 silly loadCurrentTree Finishing
28 silly loadIdealTree Starting
29 silly install loadIdealTree
30 silly cloneCurrentTree Starting
31 silly install cloneCurrentTreeToIdealTree
32 silly cloneCurrentTree Finishing
33 silly loadShrinkwrap Starting
34 silly install loadShrinkwrap
35 silly loadShrinkwrap Finishing
36 silly loadAllDepsIntoIdealTree Starting
37 silly install loadAllDepsIntoIdealTree
38 silly rollbackFailedOptional Starting
39 silly rollbackFailedOptional Finishing
40 silly runTopLevelLifecycles Starting
41 silly runTopLevelLifecycles Finishing
42 silly install printInstalled
43 verbose stack Error: Unsupported platform for n@2.1.4: wanted {"name":"n","description":"Interactively Manage All Your Node Versions","version":"2.1.4","author":{"name":"TJ Holowaychuk","email":"tj@vision-media.ca"},"homepage":"https://github.com/tj/n","bugs":{"url":"https://github.com/tj/n/issues"},"contributors":[{"name":"Travis Webb","email":"me@traviswebb.com","url":"tjw.io"},{"name":"Nimit Kalra","email":"me@nimit.io","url":"http://nimit.io"},{"name":"Troy Connor","email":"troy0820@gmail.com","url":"https://github.com/troy0820"}],"keywords":["nvm","node","version","manager","switcher","node","binary","env"],"bin":{"n":"./bin/n"},"repository":{"type":"git","url":"git://github.com/tj/n.git"},"preferGlobal":true,"os":["!win32"],"engines":{"node":"*"},"license":"MIT","gitHead":"ff9ba303d972069903c0f951ece43f47adce24e8","_id":"n@2.1.4","scripts":{},"_npmVersion":"3.10.3","_nodeVersion":"6.3.1","_npmUser":{"name":"qw3rtman","email":"me@nimit.io"},"dist":{"shasum":"7546bc467a120cc96718f2716cd86c43290f94c5","tarball":"https://registry.npmjs.org/n/-/n-2.1.4.tgz"},"maintainers":[{"name":"bat","email":"ben@benatkin.com"},{"name":"qw3rtman","email":"nimit@nimitkalra.com"},{"name":"tedgaydos","email":"tedgaydos@gmail.com"},{"name":"tjholowaychuk","email":"tj@vision-media.ca"},{"name":"tjwebb","email":"me@traviswebb.com"},{"name":"troy0820","email":"troy.connor@yahoo.com"}],"_npmOperationalInternal":{"host":"packages-16-east.internal.npmjs.com","tmp":"tmp/n-2.1.4.tgz_1470600124670_0.21058935346081853"},"directories":{},"_requested":{"raw":"n","scope":null,"name":"n","rawSpec":"","spec":"latest","type":"tag"},"_spec":"n","_where":"","_args":[["n",""]],"readme":"ERROR: No README data found!"} (current: {"os":"win32","cpu":"x64"})
43 verbose stack     at checkPlatform (C:\Program Files\nodejs\node_modules\npm\node_modules\npm-install-checks\index.js:45:14)
43 verbose stack     at thenWarnEngineIssues (C:\Program Files\nodejs\node_modules\npm\lib\install\validate-args.js:41:5)
43 verbose stack     at C:\Program Files\nodejs\node_modules\npm\node_modules\iferr\index.js:13:50
43 verbose stack     at checkEngine (C:\Program Files\nodejs\node_modules\npm\node_modules\npm-install-checks\index.js:24:10)
43 verbose stack     at module.exports.isInstallable (C:\Program Files\nodejs\node_modules\npm\lib\install\validate-args.js:38:3)
43 verbose stack     at Array.<anonymous> (C:\Program Files\nodejs\node_modules\npm\node_modules\slide\lib\bind-actor.js:15:8)
43 verbose stack     at LOOP (C:\Program Files\nodejs\node_modules\npm\node_modules\slide\lib\chain.js:15:14)
43 verbose stack     at C:\Program Files\nodejs\node_modules\npm\node_modules\slide\lib\chain.js:18:7
43 verbose stack     at checkSelf (C:\Program Files\nodejs\node_modules\npm\lib\install\validate-args.js:46:72)
43 verbose stack     at Array.<anonymous> (C:\Program Files\nodejs\node_modules\npm\node_modules\slide\lib\bind-actor.js:15:8)
44 verbose pkgid n@2.1.4
45 verbose cwd D:\alibaba-web\limitServer
46 error Windows_NT 6.1.7601
47 error argv "C:\\Program Files\\nodejs\\node.exe" "C:\\Program Files\\nodejs\\node_modules\\npm\\bin\\npm-cli.js" "install" "-g" "n"
48 error node v5.9.0
49 error npm  v3.7.3
50 error code EBADPLATFORM
51 error notsup Not compatible with your operating system or architecture: n@2.1.4
52 error notsup Valid OS:    !win32
52 error notsup Valid Arch:  any
52 error notsup Actual OS:   win32
52 error notsup Actual Arch: x64
53 verbose exit [ 1, true ]
